Determining if the pthread_create exist failed with the following output:
Change Dir: /home/curiosul/ROS_Workspace/sandbox/roi/bin/CMakeFiles/CMakeTmp

Run Build Command:/usr/bin/make "cmTryCompileExec213886450/fast"
/usr/bin/make -f CMakeFiles/cmTryCompileExec213886450.dir/build.make CMakeFiles/cmTryCompileExec213886450.dir/build
make[1]: Entering directory `/home/curiosul/ROS_Workspace/sandbox/roi/bin/CMakeFiles/CMakeTmp'
/usr/bin/cmake -E cmake_progress_report /home/curiosul/ROS_Workspace/sandbox/roi/bin/CMakeFiles/CMakeTmp/CMakeFiles 1
Building C object CMakeFiles/cmTryCompileExec213886450.dir/CheckSymbolExists.c.o
/usr/bin/gcc    -o CMakeFiles/cmTryCompileExec213886450.dir/CheckSymbolExists.c.o   -c /home/curiosul/ROS_Workspace/sandbox/roi/bin/CMakeFiles/CMakeTmp/CheckSymbolExists.c
Linking C executable cmTryCompileExec213886450
/usr/bin/cmake -E cmake_link_script CMakeFiles/cmTryCompileExec213886450.dir/link.txt --verbose=1
/usr/bin/gcc       CMakeFiles/cmTryCompileExec213886450.dir/CheckSymbolExists.c.o  -o cmTryCompileExec213886450 -rdynamic 
CMakeFiles/cmTryCompileExec213886450.dir/CheckSymbolExists.c.o: In function `main':
CheckSymbolExists.c:(.text+0x16): undefined reference to `pthread_create'
collect2: error: ld returned 1 exit status
make[1]: Leaving directory `/home/curiosul/ROS_Workspace/sandbox/roi/bin/CMakeFiles/CMakeTmp'
make[1]: *** [cmTryCompileExec213886450] Error 1
make: *** [cmTryCompileExec213886450/fast] Error 2

File /home/curiosul/ROS_Workspace/sandbox/roi/bin/CMakeFiles/CMakeTmp/CheckSymbolExists.c:
/* */
#include <pthread.h>

int main(int argc, char** argv)
{
  (void)argv;
#ifndef pthread_create
  return ((int*)(&pthread_create))[argc];
#else
  (void)argc;
  return 0;
#endif
}

Determining if the function pthread_create exists in the pthreads failed with the following output:
Change Dir: /home/curiosul/ROS_Workspace/sandbox/roi/bin/CMakeFiles/CMakeTmp

Run Build Command:/usr/bin/make "cmTryCompileExec343735984/fast"
/usr/bin/make -f CMakeFiles/cmTryCompileExec343735984.dir/build.make CMakeFiles/cmTryCompileExec343735984.dir/build
make[1]: Entering directory `/home/curiosul/ROS_Workspace/sandbox/roi/bin/CMakeFiles/CMakeTmp'
/usr/bin/cmake -E cmake_progress_report /home/curiosul/ROS_Workspace/sandbox/roi/bin/CMakeFiles/CMakeTmp/CMakeFiles 1
Building C object CMakeFiles/cmTryCompileExec343735984.dir/CheckFunctionExists.c.o
/usr/bin/gcc   -DCHECK_FUNCTION_EXISTS=pthread_create   -o CMakeFiles/cmTryCompileExec343735984.dir/CheckFunctionExists.c.o   -c /usr/share/cmake-2.8/Modules/CheckFunctionExists.c
Linking C executable cmTryCompileExec343735984
/usr/bin/cmake -E cmake_link_script CMakeFiles/cmTryCompileExec343735984.dir/link.txt --verbose=1
/usr/bin/gcc   -DCHECK_FUNCTION_EXISTS=pthread_create    CMakeFiles/cmTryCompileExec343735984.dir/CheckFunctionExists.c.o  -o cmTryCompileExec343735984 -rdynamic -lpthreads 
/usr/bin/ld: cannot find -lpthreads
collect2: error: ld returned 1 exit status
make[1]: Leaving directory `/home/curiosul/ROS_Workspace/sandbox/roi/bin/CMakeFiles/CMakeTmp'
make[1]: *** [cmTryCompileExec343735984] Error 1
make: *** [cmTryCompileExec343735984/fast] Error 2


Determining if the pthread_create exist failed with the following output:
Change Dir: /home/curiosul/ROS_Workspace/sandbox/roi/bin/CMakeFiles/CMakeTmp

Run Build Command:/usr/bin/make "cmTryCompileExec4034321941/fast"
/usr/bin/make -f CMakeFiles/cmTryCompileExec4034321941.dir/build.make CMakeFiles/cmTryCompileExec4034321941.dir/build
make[1]: Entering directory `/home/curiosul/ROS_Workspace/sandbox/roi/bin/CMakeFiles/CMakeTmp'
/usr/bin/cmake -E cmake_progress_report /home/curiosul/ROS_Workspace/sandbox/roi/bin/CMakeFiles/CMakeTmp/CMakeFiles 1
Building C object CMakeFiles/cmTryCompileExec4034321941.dir/CheckSymbolExists.c.o
/usr/bin/gcc    -o CMakeFiles/cmTryCompileExec4034321941.dir/CheckSymbolExists.c.o   -c /home/curiosul/ROS_Workspace/sandbox/roi/bin/CMakeFiles/CMakeTmp/CheckSymbolExists.c
Linking C executable cmTryCompileExec4034321941
/usr/bin/cmake -E cmake_link_script CMakeFiles/cmTryCompileExec4034321941.dir/link.txt --verbose=1
/usr/bin/gcc       CMakeFiles/cmTryCompileExec4034321941.dir/CheckSymbolExists.c.o  -o cmTryCompileExec4034321941 -rdynamic 
CMakeFiles/cmTryCompileExec4034321941.dir/CheckSymbolExists.c.o: In function `main':
CheckSymbolExists.c:(.text+0x16): undefined reference to `pthread_create'
collect2: error: ld returned 1 exit status
make[1]: *** [cmTryCompileExec4034321941] Error 1
make[1]: Leaving directory `/home/curiosul/ROS_Workspace/sandbox/roi/bin/CMakeFiles/CMakeTmp'
make: *** [cmTryCompileExec4034321941/fast] Error 2

File /home/curiosul/ROS_Workspace/sandbox/roi/bin/CMakeFiles/CMakeTmp/CheckSymbolExists.c:
/* */
#include <pthread.h>

int main(int argc, char** argv)
{
  (void)argv;
#ifndef pthread_create
  return ((int*)(&pthread_create))[argc];
#else
  (void)argc;
  return 0;
#endif
}

Determining if the function pthread_create exists in the pthreads failed with the following output:
Change Dir: /home/curiosul/ROS_Workspace/sandbox/roi/bin/CMakeFiles/CMakeTmp

Run Build Command:/usr/bin/make "cmTryCompileExec337899696/fast"
/usr/bin/make -f CMakeFiles/cmTryCompileExec337899696.dir/build.make CMakeFiles/cmTryCompileExec337899696.dir/build
make[1]: Entering directory `/home/curiosul/ROS_Workspace/sandbox/roi/bin/CMakeFiles/CMakeTmp'
/usr/bin/cmake -E cmake_progress_report /home/curiosul/ROS_Workspace/sandbox/roi/bin/CMakeFiles/CMakeTmp/CMakeFiles 1
Building C object CMakeFiles/cmTryCompileExec337899696.dir/CheckFunctionExists.c.o
/usr/bin/gcc   -DCHECK_FUNCTION_EXISTS=pthread_create   -o CMakeFiles/cmTryCompileExec337899696.dir/CheckFunctionExists.c.o   -c /usr/share/cmake-2.8/Modules/CheckFunctionExists.c
Linking C executable cmTryCompileExec337899696
/usr/bin/cmake -E cmake_link_script CMakeFiles/cmTryCompileExec337899696.dir/link.txt --verbose=1
/usr/bin/gcc   -DCHECK_FUNCTION_EXISTS=pthread_create    CMakeFiles/cmTryCompileExec337899696.dir/CheckFunctionExists.c.o  -o cmTryCompileExec337899696 -rdynamic -lpthreads 
/usr/bin/ld: cannot find -lpthreads
collect2: error: ld returned 1 exit status
make[1]: *** [cmTryCompileExec337899696] Error 1
make[1]: Leaving directory `/home/curiosul/ROS_Workspace/sandbox/roi/bin/CMakeFiles/CMakeTmp'
make: *** [cmTryCompileExec337899696/fast] Error 2


