Determining if the pthread_create exist failed with the following output:
Change Dir: /home/curiosul/ROS_Workspace/sandbox/roi/build/CMakeFiles/CMakeTmp

Run Build Command:/usr/bin/make "cmTryCompileExec3489226485/fast"
make[1]: Entering directory `/home/curiosul/ROS_Workspace/sandbox/roi/build/CMakeFiles/CMakeTmp'
/usr/bin/make -f CMakeFiles/cmTryCompileExec3489226485.dir/build.make CMakeFiles/cmTryCompileExec3489226485.dir/build
make[2]: Entering directory `/home/curiosul/ROS_Workspace/sandbox/roi/build/CMakeFiles/CMakeTmp'
/usr/bin/cmake -E cmake_progress_report /home/curiosul/ROS_Workspace/sandbox/roi/build/CMakeFiles/CMakeTmp/CMakeFiles 1
Building C object CMakeFiles/cmTryCompileExec3489226485.dir/CheckSymbolExists.c.o
/usr/bin/cc    -o CMakeFiles/cmTryCompileExec3489226485.dir/CheckSymbolExists.c.o   -c /home/curiosul/ROS_Workspace/sandbox/roi/build/CMakeFiles/CMakeTmp/CheckSymbolExists.c
Linking C executable cmTryCompileExec3489226485
/usr/bin/cmake -E cmake_link_script CMakeFiles/cmTryCompileExec3489226485.dir/link.txt --verbose=1
/usr/bin/cc       CMakeFiles/cmTryCompileExec3489226485.dir/CheckSymbolExists.c.o  -o cmTryCompileExec3489226485 -rdynamic 
CMakeFiles/cmTryCompileExec3489226485.dir/CheckSymbolExists.c.o: In function `main':
CheckSymbolExists.c:(.text+0x16): undefined reference to `pthread_create'
collect2: error: ld returned 1 exit status
make[2]: *** [cmTryCompileExec3489226485] Error 1
make[2]: Leaving directory `/home/curiosul/ROS_Workspace/sandbox/roi/build/CMakeFiles/CMakeTmp'
make[1]: *** [cmTryCompileExec3489226485/fast] Error 2
make[1]: Leaving directory `/home/curiosul/ROS_Workspace/sandbox/roi/build/CMakeFiles/CMakeTmp'

File /home/curiosul/ROS_Workspace/sandbox/roi/build/CMakeFiles/CMakeTmp/CheckSymbolExists.c:
/* */
#include <pthread.h>

int main(int argc, char** argv)
{
  (void)argv;
#ifndef pthread_create
  return ((int*)(&pthread_create))[argc];
#else
  (void)argc;
  return 0;
#endif
}

Determining if the function pthread_create exists in the pthreads failed with the following output:
Change Dir: /home/curiosul/ROS_Workspace/sandbox/roi/build/CMakeFiles/CMakeTmp

Run Build Command:/usr/bin/make "cmTryCompileExec882268327/fast"
make[1]: Entering directory `/home/curiosul/ROS_Workspace/sandbox/roi/build/CMakeFiles/CMakeTmp'
/usr/bin/make -f CMakeFiles/cmTryCompileExec882268327.dir/build.make CMakeFiles/cmTryCompileExec882268327.dir/build
make[2]: Entering directory `/home/curiosul/ROS_Workspace/sandbox/roi/build/CMakeFiles/CMakeTmp'
/usr/bin/cmake -E cmake_progress_report /home/curiosul/ROS_Workspace/sandbox/roi/build/CMakeFiles/CMakeTmp/CMakeFiles 1
Building C object CMakeFiles/cmTryCompileExec882268327.dir/CheckFunctionExists.c.o
/usr/bin/cc   -DCHECK_FUNCTION_EXISTS=pthread_create   -o CMakeFiles/cmTryCompileExec882268327.dir/CheckFunctionExists.c.o   -c /usr/share/cmake-2.8/Modules/CheckFunctionExists.c
Linking C executable cmTryCompileExec882268327
/usr/bin/cmake -E cmake_link_script CMakeFiles/cmTryCompileExec882268327.dir/link.txt --verbose=1
/usr/bin/cc   -DCHECK_FUNCTION_EXISTS=pthread_create    CMakeFiles/cmTryCompileExec882268327.dir/CheckFunctionExists.c.o  -o cmTryCompileExec882268327 -rdynamic -lpthreads 
/usr/bin/ld: cannot find -lpthreads
collect2: error: ld returned 1 exit status
make[2]: Leaving directory `/home/curiosul/ROS_Workspace/sandbox/roi/build/CMakeFiles/CMakeTmp'
make[2]: *** [cmTryCompileExec882268327] Error 1
make[1]: *** [cmTryCompileExec882268327/fast] Error 2
make[1]: Leaving directory `/home/curiosul/ROS_Workspace/sandbox/roi/build/CMakeFiles/CMakeTmp'


